<?xml version="1.0" encoding="UTF-8"?>
<!-- Generated by org.testng.reporters.JUnitReportReporter -->
<testsuite hostname="home-pc" failures="0" tests="4" name="OrderParamTest" time="6.411" errors="0" timestamp="2022-10-14T17:06:06 MSK" skipped="0">
  <testcase classname="OrderParamTest" name="placeOrderDifferentColorsPositiveTest[2]" time="1.921"/>
  <system-out/>
  <testcase classname="OrderParamTest" name="placeOrderDifferentColorsPositiveTest[0]" time="0.645"/>
  <system-out/>
  <testcase classname="OrderParamTest" name="placeOrderDifferentColorsPositiveTest[3]" time="2.579"/>
  <system-out/>
  <testcase classname="OrderParamTest" name="placeOrderDifferentColorsPositiveTest[1]" time="1.266"/>
  <system-out/>
</testsuite> <!-- OrderParamTest -->
