<?xml version="1.0" encoding="UTF-8"?>
<!-- Generated by org.testng.reporters.JUnitReportReporter -->
<testsuite hostname="home-pc" failures="0" tests="6" name="CreateNewCourierTest" time="71.058" errors="0" timestamp="2022-10-14T17:06:06 MSK" skipped="0">
  <testcase classname="CreateNewCourierTest" name="tryCreateDuplicateLoginCourierThenConflict" time="9.565"/>
  <system-out/>
  <testcase classname="CreateNewCourierTest" name="createCourierPositiveTest" time="12.673"/>
  <system-out/>
  <testcase classname="CreateNewCourierTest" name="tryCreateCourierWithoutPasswordReturnBadRequest" time="13.263"/>
  <system-out/>
  <testcase classname="CreateNewCourierTest" name="tryCreateCourierWithoutLoginReturnBadRequest" time="12.956"/>
  <system-out/>
  <testcase classname="CreateNewCourierTest" name="createCourierWithoutFirstNamePositiveTest" time="11.793"/>
  <system-out/>
  <testcase classname="CreateNewCourierTest" name="tryCreateDuplicateCourierThenConflict" time="10.808"/>
  <system-out/>
</testsuite> <!-- CreateNewCourierTest -->
